  main.c
C:\Users\sanaz\source\repos\pointer_lesson9\pointer_lesson9\main.c(11,9): warning C4477: 'printf' : format string '%d' requires an argument of type 'int', but variadic argument 1 has type 'int *'
C:\Users\sanaz\source\repos\pointer_lesson9\pointer_lesson9\main.c(11,9): warning C4313: 'printf': '%d' in format string conflicts with argument 1 of type 'int *'
C:\Users\sanaz\source\repos\pointer_lesson9\pointer_lesson9\main.c(29,9): warning C4477: 'printf' : format string '%d' requires an argument of type 'int', but variadic argument 1 has type 'int (*)[3]'
C:\Users\sanaz\source\repos\pointer_lesson9\pointer_lesson9\main.c(29,9): warning C4313: 'printf': '%d' in format string conflicts with argument 1 of type 'int (*)[3]'
C:\Users\sanaz\source\repos\pointer_lesson9\pointer_lesson9\main.c(30,9): warning C4477: 'printf' : format string '%d' requires an argument of type 'int', but variadic argument 1 has type 'int (*)[3]'
C:\Users\sanaz\source\repos\pointer_lesson9\pointer_lesson9\main.c(30,9): warning C4313: 'printf': '%d' in format string conflicts with argument 1 of type 'int (*)[3]'
C:\Users\sanaz\source\repos\pointer_lesson9\pointer_lesson9\main.c(32,9): warning C4477: 'printf' : format string '%d' requires an argument of type 'int', but variadic argument 1 has type 'int *'
C:\Users\sanaz\source\repos\pointer_lesson9\pointer_lesson9\main.c(32,9): warning C4313: 'printf': '%d' in format string conflicts with argument 1 of type 'int *'
C:\Users\sanaz\source\repos\pointer_lesson9\pointer_lesson9\main.c(33,9): warning C4477: 'printf' : format string '%d' requires an argument of type 'int', but variadic argument 1 has type 'int *'
C:\Users\sanaz\source\repos\pointer_lesson9\pointer_lesson9\main.c(33,9): warning C4313: 'printf': '%d' in format string conflicts with argument 1 of type 'int *'
C:\Users\sanaz\source\repos\pointer_lesson9\pointer_lesson9\main.c(34,9): warning C4477: 'printf' : format string '%d' requires an argument of type 'int', but variadic argument 1 has type 'int *'
C:\Users\sanaz\source\repos\pointer_lesson9\pointer_lesson9\main.c(34,9): warning C4313: 'printf': '%d' in format string conflicts with argument 1 of type 'int *'
C:\Users\sanaz\source\repos\pointer_lesson9\pointer_lesson9\main.c(36,9): warning C4477: 'printf' : format string '%d' requires an argument of type 'int', but variadic argument 1 has type 'int (*)[3]'
C:\Users\sanaz\source\repos\pointer_lesson9\pointer_lesson9\main.c(36,9): warning C4313: 'printf': '%d' in format string conflicts with argument 1 of type 'int (*)[3]'
C:\Users\sanaz\source\repos\pointer_lesson9\pointer_lesson9\main.c(37,9): warning C4477: 'printf' : format string '%d' requires an argument of type 'int', but variadic argument 1 has type 'int (*)[3]'
C:\Users\sanaz\source\repos\pointer_lesson9\pointer_lesson9\main.c(37,9): warning C4313: 'printf': '%d' in format string conflicts with argument 1 of type 'int (*)[3]'
C:\Users\sanaz\source\repos\pointer_lesson9\pointer_lesson9\main.c(39,9): warning C4477: 'printf' : format string '%d' requires an argument of type 'int', but variadic argument 1 has type 'int *'
C:\Users\sanaz\source\repos\pointer_lesson9\pointer_lesson9\main.c(39,9): warning C4313: 'printf': '%d' in format string conflicts with argument 1 of type 'int *'
C:\Users\sanaz\source\repos\pointer_lesson9\pointer_lesson9\main.c(40,9): warning C4477: 'printf' : format string '% d' requires an argument of type 'int', but variadic argument 1 has type 'int *'
C:\Users\sanaz\source\repos\pointer_lesson9\pointer_lesson9\main.c(40,9): warning C4313: 'printf': '%d' in format string conflicts with argument 1 of type 'int *'
C:\Users\sanaz\source\repos\pointer_lesson9\pointer_lesson9\main.c(41,9): warning C4477: 'printf' : format string '%d' requires an argument of type 'int', but variadic argument 1 has type 'int *'
C:\Users\sanaz\source\repos\pointer_lesson9\pointer_lesson9\main.c(41,9): warning C4313: 'printf': '%d' in format string conflicts with argument 1 of type 'int *'
C:\Users\sanaz\source\repos\pointer_lesson9\pointer_lesson9\main.c(43,9): warning C4477: 'printf' : format string '%d' requires an argument of type 'int', but variadic argument 1 has type 'int *'
C:\Users\sanaz\source\repos\pointer_lesson9\pointer_lesson9\main.c(43,9): warning C4313: 'printf': '%d' in format string conflicts with argument 1 of type 'int *'
C:\Users\sanaz\source\repos\pointer_lesson9\pointer_lesson9\main.c(44,9): warning C4477: 'printf' : format string '%d' requires an argument of type 'int', but variadic argument 1 has type 'int *'
C:\Users\sanaz\source\repos\pointer_lesson9\pointer_lesson9\main.c(44,9): warning C4313: 'printf': '%d' in format string conflicts with argument 1 of type 'int *'
C:\Users\sanaz\source\repos\pointer_lesson9\pointer_lesson9\main.c(45,9): warning C4477: 'printf' : format string '%d' requires an argument of type 'int', but variadic argument 1 has type 'int *'
C:\Users\sanaz\source\repos\pointer_lesson9\pointer_lesson9\main.c(45,9): warning C4313: 'printf': '%d' in format string conflicts with argument 1 of type 'int *'
C:\Users\sanaz\source\repos\pointer_lesson9\pointer_lesson9\main.c(48,9): warning C4477: 'printf' : format string '%d' requires an argument of type 'int', but variadic argument 1 has type 'int *'
C:\Users\sanaz\source\repos\pointer_lesson9\pointer_lesson9\main.c(48,9): warning C4313: 'printf': '%d' in format string conflicts with argument 1 of type 'int *'
C:\Users\sanaz\source\repos\pointer_lesson9\pointer_lesson9\main.c(49,9): warning C4477: 'printf' : format string '%d' requires an argument of type 'int', but variadic argument 1 has type 'int *'
C:\Users\sanaz\source\repos\pointer_lesson9\pointer_lesson9\main.c(49,9): warning C4313: 'printf': '%d' in format string conflicts with argument 1 of type 'int *'
  pointer_lesson9.vcxproj -> C:\Users\sanaz\source\repos\pointer_lesson9\x64\Debug\pointer_lesson9.exe
